  [1m[35m (0.2ms)[0m  [1m[34mSELECT sqlite_version(*)[0m
  ↳ /usr/local/rvm/gems/ruby-2.4.5/bin/rake:23
  [1m[35m (20.2ms)[0m  [1m[35mCREATE TABLE "schema_migrations" ("version" varchar NOT NULL PRIMARY KEY)[0m
  ↳ /usr/local/rvm/gems/ruby-2.4.5/bin/rake:23
  [1m[35m (19.4ms)[0m  [1m[35mCREATE TABLE "ar_internal_metadata" ("key" varchar NOT NULL PRIMARY KEY, "value" varchar, "created_at" datetime NOT NULL, "updated_at" datetime NOT NULL)[0m
  ↳ /usr/local/rvm/gems/ruby-2.4.5/bin/rake:23
  [1m[35m (0.3ms)[0m  [1m[34mSELECT "schema_migrations"."version" FROM "schema_migrations" ORDER BY "schema_migrations"."version" ASC[0m
  ↳ /usr/local/rvm/gems/ruby-2.4.5/bin/rake:23
Migrating to CreateUsers (20181109194406)
  [1m[35m (0.1ms)[0m  [1m[36mbegin transaction[0m
  ↳ /usr/local/rvm/gems/ruby-2.4.5/bin/rake:23
  [1m[35m (0.6ms)[0m  [1m[35mCREATE TABLE "users" ("id" integer PRIMARY KEY AUTOINCREMENT NOT NULL, "name" varchar, "created_at" datetime NOT NULL, "updated_at" datetime NOT NULL)[0m
  ↳ db/migrate/20181109194406_create_users.rb:3
  [1m[36mActiveRecord::SchemaMigration Create (0.2ms)[0m  [1m[32mINSERT INTO "schema_migrations" ("version") VALUES (?)[0m  [["version", "20181109194406"]]
  ↳ /usr/local/rvm/gems/ruby-2.4.5/bin/rake:23
  [1m[35m (11.7ms)[0m  [1m[36mcommit transaction[0m
  ↳ /usr/local/rvm/gems/ruby-2.4.5/bin/rake:23
Migrating to CreatePosts (20181109194407)
  [1m[35m (0.1ms)[0m  [1m[36mbegin transaction[0m
  ↳ /usr/local/rvm/gems/ruby-2.4.5/bin/rake:23
  [1m[35m (0.6ms)[0m  [1m[35mCREATE TABLE "posts" ("id" integer PRIMARY KEY AUTOINCREMENT NOT NULL, "url" varchar, "text" varchar, "created_at" datetime NOT NULL, "updated_at" datetime NOT NULL)[0m
  ↳ db/migrate/20181109194407_create_posts.rb:3
  [1m[36mActiveRecord::SchemaMigration Create (0.2ms)[0m  [1m[32mINSERT INTO "schema_migrations" ("version") VALUES (?)[0m  [["version", "20181109194407"]]
  ↳ /usr/local/rvm/gems/ruby-2.4.5/bin/rake:23
  [1m[35m (9.5ms)[0m  [1m[36mcommit transaction[0m
  ↳ /usr/local/rvm/gems/ruby-2.4.5/bin/rake:23
Migrating to CreateCategories (20181109194408)
  [1m[35m (0.1ms)[0m  [1m[36mbegin transaction[0m
  ↳ /usr/local/rvm/gems/ruby-2.4.5/bin/rake:23
  [1m[35m (0.6ms)[0m  [1m[35mCREATE TABLE "categories" ("id" integer PRIMARY KEY AUTOINCREMENT NOT NULL, "name" varchar, "created_at" datetime NOT NULL, "updated_at" datetime NOT NULL)[0m
  ↳ db/migrate/20181109194408_create_categories.rb:3
  [1m[36mActiveRecord::SchemaMigration Create (0.2ms)[0m  [1m[32mINSERT INTO "schema_migrations" ("version") VALUES (?)[0m  [["version", "20181109194408"]]
  ↳ /usr/local/rvm/gems/ruby-2.4.5/bin/rake:23
  [1m[35m (11.5ms)[0m  [1m[36mcommit transaction[0m
  ↳ /usr/local/rvm/gems/ruby-2.4.5/bin/rake:23
Migrating to CreatePostCategories (20181109194409)
  [1m[35m (0.1ms)[0m  [1m[36mbegin transaction[0m
  ↳ /usr/local/rvm/gems/ruby-2.4.5/bin/rake:23
  [1m[35m (0.6ms)[0m  [1m[35mCREATE TABLE "post_categories" ("id" integer PRIMARY KEY AUTOINCREMENT NOT NULL, "category_id" integer, "post_id" integer, "created_at" datetime NOT NULL, "updated_at" datetime NOT NULL)[0m
  ↳ db/migrate/20181109194409_create_post_categories.rb:3
  [1m[36mActiveRecord::SchemaMigration Create (0.3ms)[0m  [1m[32mINSERT INTO "schema_migrations" ("version") VALUES (?)[0m  [["version", "20181109194409"]]
  ↳ /usr/local/rvm/gems/ruby-2.4.5/bin/rake:23
  [1m[35m (12.8ms)[0m  [1m[36mcommit transaction[0m
  ↳ /usr/local/rvm/gems/ruby-2.4.5/bin/rake:23
Migrating to CreateSelectedMemes (20181109194410)
  [1m[35m (0.1ms)[0m  [1m[36mbegin transaction[0m
  ↳ /usr/local/rvm/gems/ruby-2.4.5/bin/rake:23
  [1m[35m (0.5ms)[0m  [1m[35mCREATE TABLE "selected_memes" ("id" integer PRIMARY KEY AUTOINCREMENT NOT NULL, "user_id" integer, "post_id" integer, "created_at" datetime NOT NULL, "updated_at" datetime NOT NULL)[0m
  ↳ db/migrate/20181109194410_create_selected_memes.rb:3
  [1m[36mActiveRecord::SchemaMigration Create (0.2ms)[0m  [1m[32mINSERT INTO "schema_migrations" ("version") VALUES (?)[0m  [["version", "20181109194410"]]
  ↳ /usr/local/rvm/gems/ruby-2.4.5/bin/rake:23
  [1m[35m (10.5ms)[0m  [1m[36mcommit transaction[0m
  ↳ /usr/local/rvm/gems/ruby-2.4.5/bin/rake:23
  [1m[36mActiveRecord::InternalMetadata Load (0.3ms)[0m  [1m[34mSELECT  "ar_internal_metadata".* FROM "ar_internal_metadata" WHERE "ar_internal_metadata"."key" = ? LIMIT ?[0m  [["key", "environment"], ["LIMIT", 1]]
  ↳ /usr/local/rvm/gems/ruby-2.4.5/bin/rake:23
  [1m[35m (0.1ms)[0m  [1m[36mbegin transaction[0m
  ↳ /usr/local/rvm/gems/ruby-2.4.5/bin/rake:23
  [1m[36mActiveRecord::InternalMetadata Create (0.5ms)[0m  [1m[32mINSERT INTO "ar_internal_metadata" ("key", "value", "created_at", "updated_at") VALUES (?, ?, ?, ?)[0m  [["key", "environment"], ["value", "development"], ["created_at", "2018-11-09 20:20:08.683160"], ["updated_at", "2018-11-09 20:20:08.683160"]]
  ↳ /usr/local/rvm/gems/ruby-2.4.5/bin/rake:23
  [1m[35m (10.2ms)[0m  [1m[36mcommit transaction[0m
  ↳ /usr/local/rvm/gems/ruby-2.4.5/bin/rake:23
  [1m[35m (0.3ms)[0m  [1m[34mSELECT "schema_migrations"."version" FROM "schema_migrations" ORDER BY "schema_migrations"."version" ASC[0m
  ↳ /usr/local/rvm/gems/ruby-2.4.5/bin/rake:23
  [1m[35m (0.3ms)[0m  [1m[34mSELECT "schema_migrations"."version" FROM "schema_migrations" ORDER BY "schema_migrations"."version" ASC[0m
  ↳ /usr/local/rvm/gems/ruby-2.4.5/bin/rake:23
  [1m[36mActiveRecord::InternalMetadata Load (0.4ms)[0m  [1m[34mSELECT  "ar_internal_metadata".* FROM "ar_internal_metadata" WHERE "ar_internal_metadata"."key" = ? LIMIT ?[0m  [["key", "environment"], ["LIMIT", 1]]
  ↳ /usr/local/rvm/gems/ruby-2.4.5/bin/rake:23
  [1m[35m (0.1ms)[0m  [1m[36mbegin transaction[0m
  ↳ /usr/local/rvm/gems/ruby-2.4.5/bin/rake:23
  [1m[35m (0.1ms)[0m  [1m[36mcommit transaction[0m
  ↳ /usr/local/rvm/gems/ruby-2.4.5/bin/rake:23
  [1m[35m (0.2ms)[0m  [1m[34mSELECT "schema_migrations"."version" FROM "schema_migrations" ORDER BY "schema_migrations"."version" ASC[0m
  ↳ /usr/local/rvm/gems/ruby-2.4.5/bin/rake:23
  [1m[35m (0.2ms)[0m  [1m[34mSELECT "schema_migrations"."version" FROM "schema_migrations" ORDER BY "schema_migrations"."version" ASC[0m
  ↳ /usr/local/rvm/gems/ruby-2.4.5/bin/rake:23
  [1m[35m (0.1ms)[0m  [1m[36mbegin transaction[0m
  ↳ db/seeds.rb:10
  [1m[36mUser Create (1.6ms)[0m  [1m[32mINSERT INTO "users" ("name", "created_at", "updated_at") VALUES (?, ?, ?)[0m  [["name", "sample user"], ["created_at", "2018-11-12 14:17:48.850033"], ["updated_at", "2018-11-12 14:17:48.850033"]]
  ↳ db/seeds.rb:10
  [1m[35m (14.2ms)[0m  [1m[36mcommit transaction[0m
  ↳ db/seeds.rb:10
  [1m[35m (0.2ms)[0m  [1m[34mSELECT "schema_migrations"."version" FROM "schema_migrations" ORDER BY "schema_migrations"."version" ASC[0m
  ↳ /usr/local/rvm/gems/ruby-2.4.5/bin/rake:23
  [1m[35m (0.1ms)[0m  [1m[36mbegin transaction[0m
  ↳ db/seeds.rb:10
  [1m[36mUser Create (0.5ms)[0m  [1m[32mINSERT INTO "users" ("name", "created_at", "updated_at") VALUES (?, ?, ?)[0m  [["name", "sample user"], ["created_at", "2018-11-12 14:18:46.649729"], ["updated_at", "2018-11-12 14:18:46.649729"]]
  ↳ db/seeds.rb:10
  [1m[35m (10.5ms)[0m  [1m[36mcommit transaction[0m
  ↳ db/seeds.rb:10
  [1m[35m (0.1ms)[0m  [1m[36mbegin transaction[0m
  ↳ db/seeds.rb:12
  [1m[36mPost Create (0.4ms)[0m  [1m[32mINSERT INTO "posts" ("url", "text", "created_at", "updated_at") VALUES (?, ?, ?, ?)[0m  [["url", "test1"], ["text", "Meme 1"], ["created_at", "2018-11-12 14:18:46.675499"], ["updated_at", "2018-11-12 14:18:46.675499"]]
  ↳ db/seeds.rb:12
  [1m[35m (11.2ms)[0m  [1m[36mcommit transaction[0m
  ↳ db/seeds.rb:12
  [1m[35m (0.1ms)[0m  [1m[36mbegin transaction[0m
  ↳ db/seeds.rb:13
  [1m[36mPost Create (0.5ms)[0m  [1m[32mINSERT INTO "posts" ("url", "text", "created_at", "updated_at") VALUES (?, ?, ?, ?)[0m  [["url", "test2"], ["text", "Meme 2"], ["created_at", "2018-11-12 14:18:46.691296"], ["updated_at", "2018-11-12 14:18:46.691296"]]
  ↳ db/seeds.rb:13
  [1m[35m (9.5ms)[0m  [1m[36mcommit transaction[0m
  ↳ db/seeds.rb:13
  [1m[35m (0.1ms)[0m  [1m[36mbegin transaction[0m
  ↳ db/seeds.rb:16
  [1m[36mCategory Create (0.4ms)[0m  [1m[32mINSERT INTO "categories" ("name", "created_at", "updated_at") VALUES (?, ?, ?)[0m  [["name", "girlfriend"], ["created_at", "2018-11-12 14:18:46.711702"], ["updated_at", "2018-11-12 14:18:46.711702"]]
  ↳ db/seeds.rb:16
  [1m[35m (10.1ms)[0m  [1m[36mcommit transaction[0m
  ↳ db/seeds.rb:16
  [1m[35m (0.1ms)[0m  [1m[36mbegin transaction[0m
  ↳ db/seeds.rb:17
  [1m[36mCategory Create (0.5ms)[0m  [1m[32mINSERT INTO "categories" ("name", "created_at", "updated_at") VALUES (?, ?, ?)[0m  [["name", "minds"], ["created_at", "2018-11-12 14:18:46.725889"], ["updated_at", "2018-11-12 14:18:46.725889"]]
  ↳ db/seeds.rb:17
  [1m[35m (12.5ms)[0m  [1m[36mcommit transaction[0m
  ↳ db/seeds.rb:17
  [1m[35m (0.1ms)[0m  [1m[36mbegin transaction[0m
  ↳ db/seeds.rb:20
  [1m[36mPost Load (0.4ms)[0m  [1m[34mSELECT  "posts".* FROM "posts" WHERE "posts"."id" = ? LIMIT ?[0m  [["id", 1], ["LIMIT", 1]]
  ↳ db/seeds.rb:20
  [1m[36mCategory Load (0.3ms)[0m  [1m[34mSELECT  "categories".* FROM "categories" WHERE "categories"."id" = ? LIMIT ?[0m  [["id", 1], ["LIMIT", 1]]
  ↳ db/seeds.rb:20
  [1m[36mPostCategory Create (0.4ms)[0m  [1m[32mINSERT INTO "post_categories" ("category_id", "post_id", "created_at", "updated_at") VALUES (?, ?, ?, ?)[0m  [["category_id", 1], ["post_id", 1], ["created_at", "2018-11-12 14:18:46.781198"], ["updated_at", "2018-11-12 14:18:46.781198"]]
  ↳ db/seeds.rb:20
  [1m[35m (11.7ms)[0m  [1m[36mcommit transaction[0m
  ↳ db/seeds.rb:20
  [1m[35m (0.1ms)[0m  [1m[36mbegin transaction[0m
  ↳ db/seeds.rb:21
  [1m[36mPost Load (0.3ms)[0m  [1m[34mSELECT  "posts".* FROM "posts" WHERE "posts"."id" = ? LIMIT ?[0m  [["id", 2], ["LIMIT", 1]]
  ↳ db/seeds.rb:21
  [1m[36mCategory Load (0.1ms)[0m  [1m[34mSELECT  "categories".* FROM "categories" WHERE "categories"."id" = ? LIMIT ?[0m  [["id", 2], ["LIMIT", 1]]
  ↳ db/seeds.rb:21
  [1m[36mPostCategory Create (0.3ms)[0m  [1m[32mINSERT INTO "post_categories" ("category_id", "post_id", "created_at", "updated_at") VALUES (?, ?, ?, ?)[0m  [["category_id", 2], ["post_id", 2], ["created_at", "2018-11-12 14:18:46.798848"], ["updated_at", "2018-11-12 14:18:46.798848"]]
  ↳ db/seeds.rb:21
  [1m[35m (10.0ms)[0m  [1m[36mcommit transaction[0m
  ↳ db/seeds.rb:21
  [1m[35m (0.1ms)[0m  [1m[36mbegin transaction[0m
  ↳ db/seeds.rb:24
  [1m[36mPost Load (0.2ms)[0m  [1m[34mSELECT  "posts".* FROM "posts" WHERE "posts"."id" = ? LIMIT ?[0m  [["id", 1], ["LIMIT", 1]]
  ↳ db/seeds.rb:24
  [1m[36mUser Load (0.1ms)[0m  [1m[34mSELECT  "users".* FROM "users" WHERE "users"."id" = ? LIMIT ?[0m  [["id", 1], ["LIMIT", 1]]
  ↳ db/seeds.rb:24
  [1m[36mSelectedMeme Create (0.4ms)[0m  [1m[32mINSERT INTO "selected_memes" ("user_id", "post_id", "created_at", "updated_at") VALUES (?, ?, ?, ?)[0m  [["user_id", 1], ["post_id", 1], ["created_at", "2018-11-12 14:18:46.825794"], ["updated_at", "2018-11-12 14:18:46.825794"]]
  ↳ db/seeds.rb:24
  [1m[35m (12.4ms)[0m  [1m[36mcommit transaction[0m
  ↳ db/seeds.rb:24
  [1m[35m (0.1ms)[0m  [1m[36mbegin transaction[0m
  ↳ db/seeds.rb:25
  [1m[36mPost Load (0.2ms)[0m  [1m[34mSELECT  "posts".* FROM "posts" WHERE "posts"."id" = ? LIMIT ?[0m  [["id", 2], ["LIMIT", 1]]
  ↳ db/seeds.rb:25
  [1m[36mUser Load (0.1ms)[0m  [1m[34mSELECT  "users".* FROM "users" WHERE "users"."id" = ? LIMIT ?[0m  [["id", 1], ["LIMIT", 1]]
  ↳ db/seeds.rb:25
  [1m[36mSelectedMeme Create (0.4ms)[0m  [1m[32mINSERT INTO "selected_memes" ("user_id", "post_id", "created_at", "updated_at") VALUES (?, ?, ?, ?)[0m  [["user_id", 1], ["post_id", 2], ["created_at", "2018-11-12 14:18:46.842899"], ["updated_at", "2018-11-12 14:18:46.842899"]]
  ↳ db/seeds.rb:25
  [1m[35m (10.8ms)[0m  [1m[36mcommit transaction[0m
  ↳ db/seeds.rb:25
Started GET "/" for 65.207.79.74 at 2018-11-12 14:19:40 +0000
  [1m[35m (0.3ms)[0m  [1m[34mSELECT "schema_migrations"."version" FROM "schema_migrations" ORDER BY "schema_migrations"."version" ASC[0m
  ↳ /usr/local/rvm/gems/ruby-2.4.5/gems/activerecord-5.2.1/lib/active_record/log_subscriber.rb:98
Processing by Rails::WelcomeController#index as HTML
  Rendering /usr/local/rvm/gems/ruby-2.4.5/gems/railties-5.2.1/lib/rails/templates/rails/welcome/index.html.erb
  Rendered /usr/local/rvm/gems/ruby-2.4.5/gems/railties-5.2.1/lib/rails/templates/rails/welcome/index.html.erb (5.4ms)
Completed 200 OK in 19ms (Views: 15.5ms | ActiveRecord: 0.0ms)


Started GET "/" for 65.207.79.74 at 2018-11-12 14:19:47 +0000
Processing by Rails::WelcomeController#index as HTML
  Rendering /usr/local/rvm/gems/ruby-2.4.5/gems/railties-5.2.1/lib/rails/templates/rails/welcome/index.html.erb
  Rendered /usr/local/rvm/gems/ruby-2.4.5/gems/railties-5.2.1/lib/rails/templates/rails/welcome/index.html.erb (3.1ms)
Completed 200 OK in 7ms (Views: 5.0ms | ActiveRecord: 0.0ms)


Started GET "/favicon.ico" for 65.207.79.74 at 2018-11-12 14:19:47 +0000
  
ActionController::RoutingError (No route matches [GET] "/favicon.ico"):
  
actionpack (5.2.1) lib/action_dispatch/middleware/debug_exceptions.rb:65:in `call'
actionpack (5.2.1) lib/action_dispatch/middleware/show_exceptions.rb:33:in `call'
railties (5.2.1) lib/rails/rack/logger.rb:38:in `call_app'
railties (5.2.1) lib/rails/rack/logger.rb:26:in `block in call'
activesupport (5.2.1) lib/active_support/tagged_logging.rb:71:in `block in tagged'
activesupport (5.2.1) lib/active_support/tagged_logging.rb:28:in `tagged'
activesupport (5.2.1) lib/active_support/tagged_logging.rb:71:in `tagged'
railties (5.2.1) lib/rails/rack/logger.rb:26:in `call'
actionpack (5.2.1) lib/action_dispatch/middleware/remote_ip.rb:81:in `call'
actionpack (5.2.1) lib/action_dispatch/middleware/request_id.rb:27:in `call'
rack (2.0.6) lib/rack/runtime.rb:22:in `call'
activesupport (5.2.1) lib/active_support/cache/strategy/local_cache_middleware.rb:29:in `call'
actionpack (5.2.1) lib/action_dispatch/middleware/executor.rb:14:in `call'
actionpack (5.2.1) lib/action_dispatch/middleware/static.rb:127:in `call'
rack (2.0.6) lib/rack/sendfile.rb:111:in `call'
railties (5.2.1) lib/rails/engine.rb:524:in `call'
puma (3.12.0) lib/puma/configuration.rb:225:in `call'
puma (3.12.0) lib/puma/server.rb:658:in `handle_request'
puma (3.12.0) lib/puma/server.rb:472:in `process_client'
puma (3.12.0) lib/puma/server.rb:332:in `block in run'
puma (3.12.0) lib/puma/thread_pool.rb:133:in `block in spawn_thread'
Started GET "/routs" for 65.207.79.74 at 2018-11-12 14:20:01 +0000
  
ActionController::RoutingError (No route matches [GET] "/routs"):
  
actionpack (5.2.1) lib/action_dispatch/middleware/debug_exceptions.rb:65:in `call'
actionpack (5.2.1) lib/action_dispatch/middleware/show_exceptions.rb:33:in `call'
railties (5.2.1) lib/rails/rack/logger.rb:38:in `call_app'
railties (5.2.1) lib/rails/rack/logger.rb:26:in `block in call'
activesupport (5.2.1) lib/active_support/tagged_logging.rb:71:in `block in tagged'
activesupport (5.2.1) lib/active_support/tagged_logging.rb:28:in `tagged'
activesupport (5.2.1) lib/active_support/tagged_logging.rb:71:in `tagged'
railties (5.2.1) lib/rails/rack/logger.rb:26:in `call'
actionpack (5.2.1) lib/action_dispatch/middleware/remote_ip.rb:81:in `call'
actionpack (5.2.1) lib/action_dispatch/middleware/request_id.rb:27:in `call'
rack (2.0.6) lib/rack/runtime.rb:22:in `call'
activesupport (5.2.1) lib/active_support/cache/strategy/local_cache_middleware.rb:29:in `call'
actionpack (5.2.1) lib/action_dispatch/middleware/executor.rb:14:in `call'
actionpack (5.2.1) lib/action_dispatch/middleware/static.rb:127:in `call'
rack (2.0.6) lib/rack/sendfile.rb:111:in `call'
railties (5.2.1) lib/rails/engine.rb:524:in `call'
puma (3.12.0) lib/puma/configuration.rb:225:in `call'
puma (3.12.0) lib/puma/server.rb:658:in `handle_request'
puma (3.12.0) lib/puma/server.rb:472:in `process_client'
puma (3.12.0) lib/puma/server.rb:332:in `block in run'
puma (3.12.0) lib/puma/thread_pool.rb:133:in `block in spawn_thread'
Started GET "/posts" for 65.207.79.74 at 2018-11-12 14:20:26 +0000
  
ActionController::RoutingError (uninitialized constant ApplipostionController):
  
app/controllers/posts_controller.rb:1:in `<main>'
Started GET "/posts" for 65.207.79.74 at 2018-11-12 14:21:20 +0000
Processing by PostsController#index as HTML
  [1m[36mPost Load (0.4ms)[0m  [1m[34mSELECT "posts".* FROM "posts"[0m
  ↳ app/controllers/posts_controller.rb:4
[active_model_serializers] Rendered ActiveModel::Serializer::CollectionSerializer with ActiveModelSerializers::Adapter::Attributes (0.88ms)
Completed 200 OK in 57ms (Views: 48.9ms | ActiveRecord: 1.5ms)


Started GET "/posts" for 65.207.79.74 at 2018-11-12 14:21:58 +0000
Processing by PostsController#index as HTML
  [1m[36mPost Load (0.3ms)[0m  [1m[34mSELECT "posts".* FROM "posts"[0m
  ↳ app/controllers/posts_controller.rb:4
[active_model_serializers] Rendered ActiveModel::Serializer::CollectionSerializer with ActiveModelSerializers::Adapter::Attributes (0.34ms)
Completed 200 OK in 13ms (Views: 6.8ms | ActiveRecord: 1.3ms)


Started GET "/posts" for 65.207.79.74 at 2018-11-12 14:21:59 +0000
Processing by PostsController#index as HTML
  [1m[36mPost Load (0.3ms)[0m  [1m[34mSELECT "posts".* FROM "posts"[0m
  ↳ app/controllers/posts_controller.rb:4
[active_model_serializers] Rendered ActiveModel::Serializer::CollectionSerializer with ActiveModelSerializers::Adapter::Attributes (0.26ms)
Completed 200 OK in 3ms (Views: 2.0ms | ActiveRecord: 0.3ms)


  [1m[36mPost Load (1.0ms)[0m  [1m[34mSELECT  "posts".* FROM "posts" LIMIT ?[0m  [["LIMIT", 11]]
Started GET "/posts" for 65.207.79.74 at 2018-11-12 14:22:43 +0000
  [1m[35m (0.2ms)[0m  [1m[34mSELECT "schema_migrations"."version" FROM "schema_migrations" ORDER BY "schema_migrations"."version" ASC[0m
  ↳ /usr/local/rvm/gems/ruby-2.4.5/gems/activerecord-5.2.1/lib/active_record/log_subscriber.rb:98
Processing by PostsController#index as HTML
  [1m[36mPost Load (0.3ms)[0m  [1m[34mSELECT "posts".* FROM "posts"[0m
  ↳ app/controllers/posts_controller.rb:4
[active_model_serializers] Rendered ActiveModel::Serializer::CollectionSerializer with ActiveModelSerializers::Adapter::Attributes (0.52ms)
Completed 200 OK in 21ms (Views: 13.6ms | ActiveRecord: 1.2ms)


Started GET "/posts/1" for 65.207.79.74 at 2018-11-12 14:22:46 +0000
Processing by PostsController#show as HTML
  Parameters: {"id"=>"1"}
  [1m[36mPost Load (0.4ms)[0m  [1m[34mSELECT  "posts".* FROM "posts" WHERE "posts"."id" = ? LIMIT ?[0m  [["id", 1], ["LIMIT", 1]]
  ↳ app/controllers/posts_controller.rb:8
[active_model_serializers] Rendered PostSerializer with ActiveModelSerializers::Adapter::Attributes (0.21ms)
Completed 200 OK in 4ms (Views: 0.9ms | ActiveRecord: 0.4ms)


Started GET "/posts/1" for 65.207.79.74 at 2018-11-12 14:26:02 +0000
Processing by PostsController#show as HTML
  Parameters: {"id"=>"1"}
  [1m[36mPost Load (0.2ms)[0m  [1m[34mSELECT  "posts".* FROM "posts" WHERE "posts"."id" = ? LIMIT ?[0m  [["id", 1], ["LIMIT", 1]]
Started GET "/posts/1" for 65.207.79.74 at 2018-11-12 14:26:12 +0000
  ↳ app/controllers/posts_controller.rb:8
[active_model_serializers] Rendered PostSerializer with ActiveModelSerializers::Adapter::Attributes (0.27ms)
Completed 200 OK in 44ms (Views: 21.0ms | ActiveRecord: 1.2ms)


Processing by PostsController#show as HTML
  Parameters: {"id"=>"1"}
  [1m[36mPost Load (0.2ms)[0m  [1m[34mSELECT  "posts".* FROM "posts" WHERE "posts"."id" = ? LIMIT ?[0m  [["id", 1], ["LIMIT", 1]]
  ↳ app/controllers/posts_controller.rb:8
[active_model_serializers] Rendered PostSerializer with ActiveModelSerializers::Adapter::Attributes (0.24ms)
Completed 200 OK in 38ms (Views: 2.0ms | ActiveRecord: 1.3ms)


Started GET "/posts/1" for 65.207.79.74 at 2018-11-12 14:26:59 +0000
Processing by PostsController#show as HTML
  Parameters: {"id"=>"1"}
  [1m[36mPost Load (0.2ms)[0m  [1m[34mSELECT  "posts".* FROM "posts" WHERE "posts"."id" = ? LIMIT ?[0m  [["id", 1], ["LIMIT", 1]]
  ↳ app/controllers/posts_controller.rb:8
[active_model_serializers] Rendered PostSerializer with ActiveModelSerializers::Adapter::Attributes (0.28ms)
Completed 200 OK in 16ms (Views: 2.4ms | ActiveRecord: 1.4ms)


Started GET "/posts/1" for 65.207.79.74 at 2018-11-12 14:27:01 +0000
Processing by PostsController#show as HTML
  Parameters: {"id"=>"1"}
  [1m[36mPost Load (0.2ms)[0m  [1m[34mSELECT  "posts".* FROM "posts" WHERE "posts"."id" = ? LIMIT ?[0m  [["id", 1], ["LIMIT", 1]]
  ↳ app/controllers/posts_controller.rb:8
[active_model_serializers] Rendered PostSerializer with ActiveModelSerializers::Adapter::Attributes (0.22ms)
Completed 200 OK in 2ms (Views: 0.9ms | ActiveRecord: 0.2ms)


Started GET "/posts/1" for 65.207.79.74 at 2018-11-12 14:27:03 +0000
Processing by PostsController#show as HTML
  Parameters: {"id"=>"1"}
  [1m[36mPost Load (0.2ms)[0m  [1m[34mSELECT  "posts".* FROM "posts" WHERE "posts"."id" = ? LIMIT ?[0m  [["id", 1], ["LIMIT", 1]]
  ↳ app/controllers/posts_controller.rb:8
[active_model_serializers] Rendered PostSerializer with ActiveModelSerializers::Adapter::Attributes (0.2ms)
Completed 200 OK in 2ms (Views: 0.8ms | ActiveRecord: 0.2ms)


Started GET "/posts/" for 65.207.79.74 at 2018-11-12 14:27:05 +0000
Processing by PostsController#index as HTML
  [1m[36mPost Load (0.4ms)[0m  [1m[34mSELECT "posts".* FROM "posts"[0m
  ↳ app/controllers/posts_controller.rb:4
[active_model_serializers] Rendered ActiveModel::Serializer::CollectionSerializer with ActiveModelSerializers::Adapter::Attributes (0.44ms)
Completed 200 OK in 3ms (Views: 2.3ms | ActiveRecord: 0.4ms)


  [1m[36mPost Load (0.2ms)[0m  [1m[34mSELECT  "posts".* FROM "posts" ORDER BY "posts"."id" ASC LIMIT ?[0m  [["LIMIT", 1]]
  [1m[36mUser Load (0.4ms)[0m  [1m[34mSELECT  "users".* FROM "users" INNER JOIN "selected_memes" ON "users"."id" = "selected_memes"."user_id" WHERE "selected_memes"."post_id" = ? LIMIT ?[0m  [["post_id", 1], ["LIMIT", 11]]
Started GET "/posts/" for 65.207.79.74 at 2018-11-12 14:32:15 +0000
  [1m[35m (0.2ms)[0m  [1m[34mSELECT "schema_migrations"."version" FROM "schema_migrations" ORDER BY "schema_migrations"."version" ASC[0m
  ↳ /usr/local/rvm/gems/ruby-2.4.5/gems/activerecord-5.2.1/lib/active_record/log_subscriber.rb:98
Processing by PostsController#index as HTML
  [1m[36mPost Load (0.3ms)[0m  [1m[34mSELECT "posts".* FROM "posts"[0m
  ↳ app/controllers/posts_controller.rb:4
[active_model_serializers] Rendered ActiveModel::Serializer::CollectionSerializer with ActiveModelSerializers::Adapter::Attributes (0.44ms)
Completed 200 OK in 18ms (Views: 11.6ms | ActiveRecord: 1.1ms)


Started GET "/users/" for 65.207.79.74 at 2018-11-12 14:32:21 +0000
Processing by UsersController#index as HTML
  [1m[36mUser Load (0.4ms)[0m  [1m[34mSELECT "users".* FROM "users"[0m
  ↳ app/controllers/users_controller.rb:3
[active_model_serializers]   [1m[36mPost Load (0.4ms)[0m  [1m[34mSELECT "posts".* FROM "posts" INNER JOIN "selected_memes" ON "posts"."id" = "selected_memes"."post_id" WHERE "selected_memes"."user_id" = ?[0m  [["user_id", 1]]
[active_model_serializers]   ↳ app/controllers/users_controller.rb:3
[active_model_serializers]   [1m[36mPost Load (0.2ms)[0m  [1m[34mSELECT "posts".* FROM "posts" INNER JOIN "selected_memes" ON "posts"."id" = "selected_memes"."post_id" WHERE "selected_memes"."user_id" = ?[0m  [["user_id", 2]]
[active_model_serializers]   ↳ app/controllers/users_controller.rb:3
[active_model_serializers] Rendered ActiveModel::Serializer::CollectionSerializer with ActiveModelSerializers::Adapter::Attributes (45.58ms)
Completed 500 Internal Server Error in 105ms (ActiveRecord: 2.7ms)


  
NoMethodError (undefined method `UserSerializer' for #<User:0x000000000320a208>):
  
app/controllers/users_controller.rb:3:in `index'
Started GET "/users/" for 65.207.79.74 at 2018-11-12 14:32:39 +0000
Processing by UsersController#index as HTML
  [1m[36mUser Load (0.4ms)[0m  [1m[34mSELECT "users".* FROM "users"[0m
  ↳ app/controllers/users_controller.rb:3
[active_model_serializers]   [1m[36mPost Load (0.3ms)[0m  [1m[34mSELECT "posts".* FROM "posts" INNER JOIN "selected_memes" ON "posts"."id" = "selected_memes"."post_id" WHERE "selected_memes"."user_id" = ?[0m  [["user_id", 1]]
[active_model_serializers]   ↳ app/controllers/users_controller.rb:3
[active_model_serializers]   [1m[36mPost Load (0.2ms)[0m  [1m[34mSELECT "posts".* FROM "posts" INNER JOIN "selected_memes" ON "posts"."id" = "selected_memes"."post_id" WHERE "selected_memes"."user_id" = ?[0m  [["user_id", 2]]
[active_model_serializers]   ↳ app/controllers/users_controller.rb:3
[active_model_serializers] Rendered ActiveModel::Serializer::CollectionSerializer with ActiveModelSerializers::Adapter::Attributes (32.06ms)
Completed 200 OK in 45ms (Views: 38.3ms | ActiveRecord: 3.3ms)


Started GET "/posts/" for 65.207.79.74 at 2018-11-12 14:34:25 +0000
Processing by PostsController#index as HTML
  [1m[36mPost Load (0.3ms)[0m  [1m[34mSELECT "posts".* FROM "posts"[0m
  ↳ app/controllers/posts_controller.rb:4
[active_model_serializers]   [1m[36mUser Load (0.3ms)[0m  [1m[34mSELECT "users".* FROM "users" INNER JOIN "selected_memes" ON "users"."id" = "selected_memes"."user_id" WHERE "selected_memes"."post_id" = ?[0m  [["post_id", 1]]
[active_model_serializers]   ↳ app/controllers/posts_controller.rb:4
[active_model_serializers]   [1m[36mUser Load (0.2ms)[0m  [1m[34mSELECT "users".* FROM "users" INNER JOIN "selected_memes" ON "users"."id" = "selected_memes"."user_id" WHERE "selected_memes"."post_id" = ?[0m  [["post_id", 2]]
[active_model_serializers]   ↳ app/controllers/posts_controller.rb:4
[active_model_serializers] Rendered ActiveModel::Serializer::CollectionSerializer with ActiveModelSerializers::Adapter::Attributes (20.02ms)
Completed 200 OK in 36ms (Views: 27.4ms | ActiveRecord: 2.9ms)


Started GET "/posts/" for 65.207.79.74 at 2018-11-12 14:34:42 +0000
Processing by PostsController#index as HTML
  [1m[36mPost Load (0.4ms)[0m  [1m[34mSELECT "posts".* FROM "posts"[0m
  ↳ app/controllers/posts_controller.rb:4
[active_model_serializers]   [1m[36mUser Load (0.2ms)[0m  [1m[34mSELECT "users".* FROM "users" INNER JOIN "selected_memes" ON "users"."id" = "selected_memes"."user_id" WHERE "selected_memes"."post_id" = ?[0m  [["post_id", 1]]
[active_model_serializers]   ↳ app/controllers/posts_controller.rb:4
[active_model_serializers]   [1m[36mCategory Load (0.3ms)[0m  [1m[34mSELECT "categories".* FROM "categories" INNER JOIN "post_categories" ON "categories"."id" = "post_categories"."category_id" WHERE "post_categories"."post_id" = ?[0m  [["post_id", 1]]
[active_model_serializers]   ↳ app/controllers/posts_controller.rb:4
[active_model_serializers] No serializer found for resource: #<Category id: 1, name: "girlfriend", created_at: "2018-11-12 14:18:46", updated_at: "2018-11-12 14:18:46">
[active_model_serializers]   [1m[36mUser Load (0.3ms)[0m  [1m[34mSELECT "users".* FROM "users" INNER JOIN "selected_memes" ON "users"."id" = "selected_memes"."user_id" WHERE "selected_memes"."post_id" = ?[0m  [["post_id", 2]]
[active_model_serializers]   ↳ app/controllers/posts_controller.rb:4
[active_model_serializers]   [1m[36mCategory Load (0.2ms)[0m  [1m[34mSELECT "categories".* FROM "categories" INNER JOIN "post_categories" ON "categories"."id" = "post_categories"."category_id" WHERE "post_categories"."post_id" = ?[0m  [["post_id", 2]]
[active_model_serializers]   ↳ app/controllers/posts_controller.rb:4
[active_model_serializers] No serializer found for resource: #<Category id: 2, name: "minds", created_at: "2018-11-12 14:18:46", updated_at: "2018-11-12 14:18:46">
[active_model_serializers] No serializer found for resource: #<Category id: 1, name: "girlfriend", created_at: "2018-11-12 14:18:46", updated_at: "2018-11-12 14:18:46">
[active_model_serializers] No serializer found for resource: #<Category id: 2, name: "minds", created_at: "2018-11-12 14:18:46", updated_at: "2018-11-12 14:18:46">
[active_model_serializers] Rendered ActiveModel::Serializer::CollectionSerializer with ActiveModelSerializers::Adapter::Attributes (56.42ms)
Completed 200 OK in 72ms (Views: 62.3ms | ActiveRecord: 4.5ms)


  [1m[35m (0.2ms)[0m  [1m[34mSELECT "schema_migrations"."version" FROM "schema_migrations" ORDER BY "schema_migrations"."version" ASC[0m
  ↳ bin/rails:9
Migrating to CreateActiveStorageTables (20181112153612)
  [1m[35m (0.1ms)[0m  [1m[36mbegin transaction[0m
  ↳ bin/rails:9
  [1m[35m (0.1ms)[0m  [1m[34mSELECT sqlite_version(*)[0m
  ↳ db/migrate/20181112153612_create_active_storage_tables.active_storage.rb:4
  [1m[35m (0.9ms)[0m  [1m[35mCREATE TABLE "active_storage_blobs" ("id" integer PRIMARY KEY AUTOINCREMENT NOT NULL, "key" varchar NOT NULL, "filename" varchar NOT NULL, "content_type" varchar, "metadata" text, "byte_size" bigint NOT NULL, "checksum" varchar NOT NULL, "created_at" datetime NOT NULL)[0m
  ↳ db/migrate/20181112153612_create_active_storage_tables.active_storage.rb:4
  [1m[35m (0.1ms)[0m  [1m[35mCREATE UNIQUE INDEX "index_active_storage_blobs_on_key" ON "active_storage_blobs" ("key")[0m
  ↳ db/migrate/20181112153612_create_active_storage_tables.active_storage.rb:4
  [1m[35m (0.2ms)[0m  [1m[35mCREATE TABLE "active_storage_attachments" ("id" integer PRIMARY KEY AUTOINCREMENT NOT NULL, "name" varchar NOT NULL, "record_type" varchar NOT NULL, "record_id" integer NOT NULL, "blob_id" integer NOT NULL, "created_at" datetime NOT NULL)[0m
  ↳ db/migrate/20181112153612_create_active_storage_tables.active_storage.rb:16
  [1m[35m (0.1ms)[0m  [1m[35mCREATE  INDEX "index_active_storage_attachments_on_blob_id" ON "active_storage_attachments" ("blob_id")[0m
  ↳ db/migrate/20181112153612_create_active_storage_tables.active_storage.rb:16
  [1m[35m (0.1ms)[0m  [1m[35mCREATE UNIQUE INDEX "index_active_storage_attachments_uniqueness" ON "active_storage_attachments" ("record_type", "record_id", "name", "blob_id")[0m
  ↳ db/migrate/20181112153612_create_active_storage_tables.active_storage.rb:16
  [1m[36mActiveRecord::SchemaMigration Create (0.1ms)[0m  [1m[32mINSERT INTO "schema_migrations" ("version") VALUES (?)[0m  [["version", "20181112153612"]]
  ↳ bin/rails:9
  [1m[35m (1.1ms)[0m  [1m[36mcommit transaction[0m
  ↳ bin/rails:9
  [1m[36mActiveRecord::InternalMetadata Load (0.6ms)[0m  [1m[34mSELECT  "ar_internal_metadata".* FROM "ar_internal_metadata" WHERE "ar_internal_metadata"."key" = ? LIMIT ?[0m  [["key", "environment"], ["LIMIT", 1]]
  ↳ bin/rails:9
  [1m[35m (0.0ms)[0m  [1m[36mbegin transaction[0m
  ↳ bin/rails:9
  [1m[35m (0.0ms)[0m  [1m[36mcommit transaction[0m
  ↳ bin/rails:9
  [1m[35m (0.1ms)[0m  [1m[34mSELECT "schema_migrations"."version" FROM "schema_migrations" ORDER BY "schema_migrations"."version" ASC[0m
  ↳ bin/rails:9
